[2025-11-27T08:44:23.921+0000] {taskinstance.py:1157} INFO - Dependencies all met for dep_context=non-requeueable deps ti=<TaskInstance: taxi_streaming_pipeline.start_kafka_producer manual__2025-11-27T08:44:12.841413+00:00 [queued]>
[2025-11-27T08:44:23.928+0000] {taskinstance.py:1157} INFO - Dependencies all met for dep_context=requeueable deps ti=<TaskInstance: taxi_streaming_pipeline.start_kafka_producer manual__2025-11-27T08:44:12.841413+00:00 [queued]>
[2025-11-27T08:44:23.929+0000] {taskinstance.py:1359} INFO - Starting attempt 1 of 2
[2025-11-27T08:44:23.941+0000] {taskinstance.py:1380} INFO - Executing <Task(BashOperator): start_kafka_producer> on 2025-11-27 08:44:12.841413+00:00
[2025-11-27T08:44:23.945+0000] {standard_task_runner.py:57} INFO - Started process 123 to run task
[2025-11-27T08:44:23.948+0000] {standard_task_runner.py:84} INFO - Running: ['airflow', 'tasks', 'run', 'taxi_streaming_pipeline', 'start_kafka_producer', 'manual__2025-11-27T08:44:12.841413+00:00', '--job-id', '71', '--raw', '--subdir', 'DAGS_FOLDER/taxi_pipeline_dag.py', '--cfg-path', '/tmp/tmp_i7l1tuv']
[2025-11-27T08:44:23.949+0000] {standard_task_runner.py:85} INFO - Job 71: Subtask start_kafka_producer
[2025-11-27T08:44:24.003+0000] {task_command.py:415} INFO - Running <TaskInstance: taxi_streaming_pipeline.start_kafka_producer manual__2025-11-27T08:44:12.841413+00:00 [running]> on host 485e0d4eae03
[2025-11-27T08:44:24.091+0000] {taskinstance.py:1660} INFO - Exporting env vars: AIRFLOW_CTX_DAG_OWNER='Menna' AIRFLOW_CTX_DAG_ID='taxi_streaming_pipeline' AIRFLOW_CTX_TASK_ID='start_kafka_producer' AIRFLOW_CTX_EXECUTION_DATE='2025-11-27T08:44:12.841413+00:00' AIRFLOW_CTX_TRY_NUMBER='1' AIRFLOW_CTX_DAG_RUN_ID='manual__2025-11-27T08:44:12.841413+00:00'
[2025-11-27T08:44:24.092+0000] {subprocess.py:63} INFO - Tmp dir root location: /tmp
[2025-11-27T08:44:24.093+0000] {subprocess.py:75} INFO - Running command: ['/bin/bash', '-c', '\n        echo "Starting S3 to Kafka Producer in s3-producer container..."\n        \n        # Check if docker command is available and has socket access\n        DOCKER_AVAILABLE=0\n        if command -v docker &> /dev/null; then\n            if docker ps &> /dev/null; then\n                DOCKER_AVAILABLE=1\n                echo "Docker is available and accessible"\n            else\n                echo "Docker command exists but socket is not accessible"\n            fi\n        fi\n        \n        if [ "$DOCKER_AVAILABLE" = "1" ]; then\n            # Docker is available - use docker commands\n            # Use simpler approach to avoid Jinja2 template issues\n            CONTAINER_EXISTS=$(docker ps -a --filter "name=^s3-producer$" -q | wc -l)\n            CONTAINER_RUNNING=$(docker ps --filter "name=^s3-producer$" -q | wc -l)\n            \n            # Find docker-compose.yml directory\n            COMPOSE_DIR=""\n            for dir in /opt/airflow/dags/.. /root/s3-kafka-flink-pipeline $HOME/s3-kafka-flink-pipeline; do\n                if [ -f "$dir/docker-compose.yml" ]; then\n                    COMPOSE_DIR="$dir"\n                    break\n                fi\n            done\n            \n            if [ -z "$COMPOSE_DIR" ]; then\n                echo "Error: Could not find docker-compose.yml file"\n                exit 1\n            fi\n            \n            if [ "$CONTAINER_RUNNING" = "1" ]; then\n                # Container is already running - wait for it to complete\n                # This is rare since the script exits when done\n                echo "s3-producer container is already running. Waiting for it to complete..."\n                EXIT_CODE=$(docker wait s3-producer)\n                echo "Container completed with exit code: $EXIT_CODE"\n            else\n                # Container is stopped or doesn\'t exist - create fresh container for this run\n                if [ "$CONTAINER_EXISTS" = "1" ]; then\n                    echo "Removing old s3-producer container..."\n                    docker rm s3-producer 2>/dev/null || true\n                fi\n                \n                echo "Creating and starting fresh s3-producer container..."\n                cd "$COMPOSE_DIR"\n                \n                if ! command -v docker-compose &> /dev/null; then\n                    echo "Error: docker-compose not available"\n                    exit 1\n                fi\n                \n                # Create and start the container (it will run the script via CMD)\n                docker-compose up -d s3-producer\n                sleep 5\n                \n                # Wait for container to complete (script execution)\n                echo "Waiting for producer script to complete..."\n                EXIT_CODE=$(docker wait s3-producer || echo "0")\n                echo "Container exited with code: $EXIT_CODE"\n            fi\n        else\n            # Docker not available - assume container is managed externally\n            echo "Docker not available in Airflow container."\n            echo "Assuming s3-producer container is managed by docker-compose."\n            echo "If the container is running, the producer should execute automatically."\n            echo "To start manually, run: docker-compose up -d s3-producer"\n            echo "Waiting 30 seconds for producer to complete..."\n            sleep 30\n            EXIT_CODE=0\n        fi\n        \n        # Check exit code and fail task if producer failed\n        if [ "$EXIT_CODE" != "0" ] && [ "$DOCKER_AVAILABLE" = "1" ]; then\n            echo "ERROR: Producer exited with code $EXIT_CODE"\n            echo "Check logs with: docker logs s3-producer"\n            exit $EXIT_CODE\n        elif [ "$EXIT_CODE" != "0" ]; then\n            echo "Warning: Could not verify producer exit code (Docker not available)"\n        fi\n        \n        echo "Producer execution process completed"\n        ']
[2025-11-27T08:44:24.103+0000] {subprocess.py:86} INFO - Output:
[2025-11-27T08:44:24.106+0000] {subprocess.py:93} INFO - Starting S3 to Kafka Producer in s3-producer container...
[2025-11-27T08:44:24.217+0000] {subprocess.py:93} INFO - Docker is available and accessible
[2025-11-27T08:44:24.296+0000] {subprocess.py:93} INFO - Error: Could not find docker-compose.yml file
[2025-11-27T08:44:24.296+0000] {subprocess.py:97} INFO - Command exited with return code 1
[2025-11-27T08:44:24.311+0000] {taskinstance.py:1935} ERROR - Task failed with exception
Traceback (most recent call last):
  File "/home/airflow/.local/lib/python3.8/site-packages/airflow/operators/bash.py", line 210, in execute
    raise AirflowException(
airflow.exceptions.AirflowException: Bash command failed. The command returned a non-zero exit code 1.
[2025-11-27T08:44:24.315+0000] {taskinstance.py:1398} INFO - Marking task as UP_FOR_RETRY. dag_id=taxi_streaming_pipeline, task_id=start_kafka_producer, execution_date=20251127T084412, start_date=20251127T084423, end_date=20251127T084424
[2025-11-27T08:44:24.324+0000] {standard_task_runner.py:104} ERROR - Failed to execute job 71 for task start_kafka_producer (Bash command failed. The command returned a non-zero exit code 1.; 123)
[2025-11-27T08:44:24.361+0000] {local_task_job_runner.py:228} INFO - Task exited with return code 1
[2025-11-27T08:44:24.384+0000] {taskinstance.py:2776} INFO - 0 downstream tasks scheduled from follow-on schedule check
