[2025-11-27T08:05:34.155+0000] {taskinstance.py:1157} INFO - Dependencies all met for dep_context=non-requeueable deps ti=<TaskInstance: taxi_streaming_pipeline.start_kafka_producer manual__2025-11-27T08:05:23.160689+00:00 [queued]>
[2025-11-27T08:05:34.162+0000] {taskinstance.py:1157} INFO - Dependencies all met for dep_context=requeueable deps ti=<TaskInstance: taxi_streaming_pipeline.start_kafka_producer manual__2025-11-27T08:05:23.160689+00:00 [queued]>
[2025-11-27T08:05:34.162+0000] {taskinstance.py:1359} INFO - Starting attempt 1 of 2
[2025-11-27T08:05:34.173+0000] {taskinstance.py:1380} INFO - Executing <Task(BashOperator): start_kafka_producer> on 2025-11-27 08:05:23.160689+00:00
[2025-11-27T08:05:34.176+0000] {standard_task_runner.py:57} INFO - Started process 91 to run task
[2025-11-27T08:05:34.179+0000] {standard_task_runner.py:84} INFO - Running: ['airflow', 'tasks', 'run', 'taxi_streaming_pipeline', 'start_kafka_producer', 'manual__2025-11-27T08:05:23.160689+00:00', '--job-id', '41', '--raw', '--subdir', 'DAGS_FOLDER/taxi_pipeline_dag.py', '--cfg-path', '/tmp/tmpjm6jttmp']
[2025-11-27T08:05:34.180+0000] {standard_task_runner.py:85} INFO - Job 41: Subtask start_kafka_producer
[2025-11-27T08:05:34.234+0000] {task_command.py:415} INFO - Running <TaskInstance: taxi_streaming_pipeline.start_kafka_producer manual__2025-11-27T08:05:23.160689+00:00 [running]> on host d629b7fb5869
[2025-11-27T08:05:34.278+0000] {abstractoperator.py:709} ERROR - Exception rendering Jinja template for task 'start_kafka_producer', field 'bash_command'. Template: '\n        echo "Starting S3 to Kafka Producer in s3-producer container..."\n        \n        # Check if docker command is available and has socket access\n        DOCKER_AVAILABLE=0\n        if command -v docker &> /dev/null; then\n            if docker ps &> /dev/null; then\n                DOCKER_AVAILABLE=1\n                echo "Docker is available and accessible"\n            else\n                echo "Docker command exists but socket is not accessible"\n            fi\n        fi\n        \n        if [ "$DOCKER_AVAILABLE" = "1" ]; then\n            # Docker is available - use docker commands\n            # Escape Jinja2 template syntax by doubling curly braces\n            CONTAINER_EXISTS=$(docker ps -a --format \'{{{{.Names}}}}\' | grep -c \'^s3-producer$\' || echo "0")\n            CONTAINER_RUNNING=$(docker ps --format \'{{{{.Names}}}}\' | grep -c \'^s3-producer$\' || echo "0")\n            \n            # Find docker-compose.yml directory\n            COMPOSE_DIR=""\n            for dir in /opt/airflow/dags/.. /root/s3-kafka-flink-pipeline $HOME/s3-kafka-flink-pipeline; do\n                if [ -f "$dir/docker-compose.yml" ]; then\n                    COMPOSE_DIR="$dir"\n                    break\n                fi\n            done\n            \n            if [ -z "$COMPOSE_DIR" ]; then\n                echo "Error: Could not find docker-compose.yml file"\n                exit 1\n            fi\n            \n            if [ "$CONTAINER_RUNNING" = "1" ]; then\n                # Container is already running - wait for it to complete\n                # This is rare since the script exits when done\n                echo "s3-producer container is already running. Waiting for it to complete..."\n                EXIT_CODE=$(docker wait s3-producer)\n                echo "Container completed with exit code: $EXIT_CODE"\n            else\n                # Container is stopped or doesn\'t exist - create fresh container for this run\n                if [ "$CONTAINER_EXISTS" = "1" ]; then\n                    echo "Removing old s3-producer container..."\n                    docker rm s3-producer 2>/dev/null || true\n                fi\n                \n                echo "Creating and starting fresh s3-producer container..."\n                cd "$COMPOSE_DIR"\n                \n                if ! command -v docker-compose &> /dev/null; then\n                    echo "Error: docker-compose not available"\n                    exit 1\n                fi\n                \n                # Create and start the container (it will run the script via CMD)\n                docker-compose up -d s3-producer\n                sleep 5\n                \n                # Wait for container to complete (script execution)\n                echo "Waiting for producer script to complete..."\n                EXIT_CODE=$(docker wait s3-producer || echo "0")\n                echo "Container exited with code: $EXIT_CODE"\n            fi\n        else\n            # Docker not available - assume container is managed externally\n            echo "Docker not available in Airflow container."\n            echo "Assuming s3-producer container is managed by docker-compose."\n            echo "If the container is running, the producer should execute automatically."\n            echo "To start manually, run: docker-compose up -d s3-producer"\n            echo "Waiting 30 seconds for producer to complete..."\n            sleep 30\n            EXIT_CODE=0\n        fi\n        \n        # Check exit code and fail task if producer failed\n        if [ "$EXIT_CODE" != "0" ] && [ "$DOCKER_AVAILABLE" = "1" ]; then\n            echo "ERROR: Producer exited with code $EXIT_CODE"\n            echo "Check logs with: docker logs s3-producer"\n            exit $EXIT_CODE\n        elif [ "$EXIT_CODE" != "0" ]; then\n            echo "Warning: Could not verify producer exit code (Docker not available)"\n        fi\n        \n        echo "Producer execution process completed"\n        '
Traceback (most recent call last):
  File "/home/airflow/.local/lib/python3.8/site-packages/airflow/models/abstractoperator.py", line 701, in _do_render_template_fields
    rendered_content = self.render_template(
  File "/home/airflow/.local/lib/python3.8/site-packages/airflow/template/templater.py", line 156, in render_template
    template = jinja_env.from_string(value)
  File "/home/airflow/.local/lib/python3.8/site-packages/jinja2/environment.py", line 1105, in from_string
    return cls.from_code(self, self.compile(source), gs, None)
  File "/home/airflow/.local/lib/python3.8/site-packages/jinja2/environment.py", line 768, in compile
    self.handle_exception(source=source_hint)
  File "/home/airflow/.local/lib/python3.8/site-packages/jinja2/environment.py", line 936, in handle_exception
    raise rewrite_traceback_stack(source=source)
  File "<unknown>", line 18, in template
jinja2.exceptions.TemplateSyntaxError: unexpected '.'
[2025-11-27T08:05:34.280+0000] {taskinstance.py:1935} ERROR - Task failed with exception
Traceback (most recent call last):
  File "/home/airflow/.local/lib/python3.8/site-packages/airflow/models/taskinstance.py", line 1516, in _run_raw_task
    self._execute_task_with_callbacks(context, test_mode, session=session)
  File "/home/airflow/.local/lib/python3.8/site-packages/airflow/models/taskinstance.py", line 1645, in _execute_task_with_callbacks
    task_orig = self.render_templates(context=context)
  File "/home/airflow/.local/lib/python3.8/site-packages/airflow/models/taskinstance.py", line 2283, in render_templates
    original_task.render_template_fields(context)
  File "/home/airflow/.local/lib/python3.8/site-packages/airflow/models/baseoperator.py", line 1245, in render_template_fields
    self._do_render_template_fields(self, self.template_fields, context, jinja_env, set())
  File "/home/airflow/.local/lib/python3.8/site-packages/airflow/utils/session.py", line 77, in wrapper
    return func(*args, session=session, **kwargs)
  File "/home/airflow/.local/lib/python3.8/site-packages/airflow/models/abstractoperator.py", line 701, in _do_render_template_fields
    rendered_content = self.render_template(
  File "/home/airflow/.local/lib/python3.8/site-packages/airflow/template/templater.py", line 156, in render_template
    template = jinja_env.from_string(value)
  File "/home/airflow/.local/lib/python3.8/site-packages/jinja2/environment.py", line 1105, in from_string
    return cls.from_code(self, self.compile(source), gs, None)
  File "/home/airflow/.local/lib/python3.8/site-packages/jinja2/environment.py", line 768, in compile
    self.handle_exception(source=source_hint)
  File "/home/airflow/.local/lib/python3.8/site-packages/jinja2/environment.py", line 936, in handle_exception
    raise rewrite_traceback_stack(source=source)
  File "<unknown>", line 18, in template
jinja2.exceptions.TemplateSyntaxError: unexpected '.'
[2025-11-27T08:05:34.293+0000] {taskinstance.py:1398} INFO - Marking task as UP_FOR_RETRY. dag_id=taxi_streaming_pipeline, task_id=start_kafka_producer, execution_date=20251127T080523, start_date=20251127T080534, end_date=20251127T080534
[2025-11-27T08:05:34.302+0000] {standard_task_runner.py:104} ERROR - Failed to execute job 41 for task start_kafka_producer (unexpected '.'; 91)
[2025-11-27T08:05:34.312+0000] {local_task_job_runner.py:228} INFO - Task exited with return code 1
[2025-11-27T08:05:34.335+0000] {taskinstance.py:2776} INFO - 0 downstream tasks scheduled from follow-on schedule check
