[2025-11-27T09:53:14.616+0000] {taskinstance.py:1157} INFO - Dependencies all met for dep_context=non-requeueable deps ti=<TaskInstance: taxi_streaming_pipeline.run_flink_job manual__2025-11-27T09:53:02.034011+00:00 [queued]>
[2025-11-27T09:53:14.624+0000] {taskinstance.py:1157} INFO - Dependencies all met for dep_context=requeueable deps ti=<TaskInstance: taxi_streaming_pipeline.run_flink_job manual__2025-11-27T09:53:02.034011+00:00 [queued]>
[2025-11-27T09:53:14.625+0000] {taskinstance.py:1359} INFO - Starting attempt 1 of 2
[2025-11-27T09:53:14.636+0000] {taskinstance.py:1380} INFO - Executing <Task(BashOperator): run_flink_job> on 2025-11-27 09:53:02.034011+00:00
[2025-11-27T09:53:14.640+0000] {standard_task_runner.py:57} INFO - Started process 121 to run task
[2025-11-27T09:53:14.644+0000] {standard_task_runner.py:84} INFO - Running: ['airflow', 'tasks', 'run', 'taxi_streaming_pipeline', 'run_flink_job', 'manual__2025-11-27T09:53:02.034011+00:00', '--job-id', '136', '--raw', '--subdir', 'DAGS_FOLDER/taxi_pipeline_dag.py', '--cfg-path', '/tmp/tmpi7yownjt']
[2025-11-27T09:53:14.645+0000] {standard_task_runner.py:85} INFO - Job 136: Subtask run_flink_job
[2025-11-27T09:53:14.701+0000] {task_command.py:415} INFO - Running <TaskInstance: taxi_streaming_pipeline.run_flink_job manual__2025-11-27T09:53:02.034011+00:00 [running]> on host 485e0d4eae03
[2025-11-27T09:53:14.789+0000] {taskinstance.py:1660} INFO - Exporting env vars: AIRFLOW_CTX_DAG_OWNER='Menna' AIRFLOW_CTX_DAG_ID='taxi_streaming_pipeline' AIRFLOW_CTX_TASK_ID='run_flink_job' AIRFLOW_CTX_EXECUTION_DATE='2025-11-27T09:53:02.034011+00:00' AIRFLOW_CTX_TRY_NUMBER='1' AIRFLOW_CTX_DAG_RUN_ID='manual__2025-11-27T09:53:02.034011+00:00'
[2025-11-27T09:53:14.790+0000] {subprocess.py:63} INFO - Tmp dir root location: /tmp
[2025-11-27T09:53:14.791+0000] {subprocess.py:75} INFO - Running command: ['/bin/bash', '-c', '\n        echo "Submitting Flink job..."\n\n        # Check if Docker is available\n        if ! command -v docker &> /dev/null; then\n            echo "ERROR: Docker command not available"\n            exit 1\n        fi\n\n        # Use fixed container name (avoids Jinja2 template syntax issues)\n        JOB_MANAGER_NAME="flink-jobmanager"\n        \n        # Verify container is running using filter (no format needed)\n        if ! docker ps --filter "name=^${JOB_MANAGER_NAME}$" -q | grep -q .; then\n            echo "ERROR: Flink JobManager container not running"\n            echo "Available containers:"\n            docker ps || true\n            exit 1\n        fi\n\n        echo "Found Flink JobManager: $JOB_MANAGER_NAME"\n\n        JOB_FILE="/opt/flink/jobs/kafka_consumer_ui.py"\n        echo "Checking if job file exists: $JOB_FILE"\n        if ! docker exec "$JOB_MANAGER_NAME" test -f "$JOB_FILE"; then\n            echo "ERROR: Flink job file not found: $JOB_FILE"\n            echo "Files in /opt/flink/jobs:"\n            docker exec "$JOB_MANAGER_NAME" ls -la /opt/flink/jobs/ || true\n            exit 1\n        fi\n\n        echo "Job file found. Submitting Flink job..."\n        if docker exec "$JOB_MANAGER_NAME" flink run -py "$JOB_FILE" -d; then\n            echo "✓ Flink job submitted successfully"\n            echo "Check Flink UI at http://localhost:8081 for job status"\n        else\n            EXIT_CODE=$?\n            echo "ERROR: Flink job submission failed (exit code: $EXIT_CODE)"\n            echo "Flink JobManager logs (last 50 lines):"\n            docker logs "$JOB_MANAGER_NAME" 2>&1 | tail -50\n            exit $EXIT_CODE\n        fi\n        ']
[2025-11-27T09:53:14.797+0000] {subprocess.py:86} INFO - Output:
[2025-11-27T09:53:14.799+0000] {subprocess.py:93} INFO - Submitting Flink job...
[2025-11-27T09:53:14.834+0000] {subprocess.py:93} INFO - Found Flink JobManager: flink-jobmanager
[2025-11-27T09:53:14.835+0000] {subprocess.py:93} INFO - Checking if job file exists: /opt/flink/jobs/kafka_consumer_ui.py
[2025-11-27T09:53:15.025+0000] {subprocess.py:93} INFO - Job file found. Submitting Flink job...
[2025-11-27T09:53:24.542+0000] {subprocess.py:93} INFO - WARNING: An illegal reflective access operation has occurred
[2025-11-27T09:53:24.542+0000] {subprocess.py:93} INFO - WARNING: Illegal reflective access by org.apache.flink.api.java.ClosureCleaner (file:/opt/flink/lib/flink-dist-1.17.2.jar) to field java.lang.String.value
[2025-11-27T09:53:24.543+0000] {subprocess.py:93} INFO - WARNING: Please consider reporting this to the maintainers of org.apache.flink.api.java.ClosureCleaner
[2025-11-27T09:53:24.543+0000] {subprocess.py:93} INFO - WARNING: Use --illegal-access=warn to enable warnings of further illegal reflective access operations
[2025-11-27T09:53:24.543+0000] {subprocess.py:93} INFO - WARNING: All illegal access operations will be denied in a future release
[2025-11-27T09:53:28.046+0000] {subprocess.py:93} INFO - Job has been submitted with JobID f01fe0db7907b6ed58345c2933d2a4fc
[2025-11-27T09:53:28.101+0000] {subprocess.py:93} INFO - Traceback (most recent call last):
[2025-11-27T09:53:28.101+0000] {subprocess.py:93} INFO -   File "/opt/flink/jobs/kafka_consumer_ui.py", line 286, in <module>
[2025-11-27T09:53:28.101+0000] {subprocess.py:93} INFO -     env.execute("Flink Kafka Taxi Dashboard Job")
[2025-11-27T09:53:28.102+0000] {subprocess.py:93} INFO -   File "/opt/flink/opt/python/pyflink.zip/pyflink/datastream/stream_execution_environment.py", line 763, in execute
[2025-11-27T09:53:28.102+0000] {subprocess.py:93} INFO -   File "/opt/flink/opt/python/pyflink.zip/pyflink/datastream/stream_execution_environment.py", line 1012, in _generate_stream_graph
[2025-11-27T09:53:28.102+0000] {subprocess.py:93} INFO -   File "/opt/flink/opt/python/py4j-0.10.9.7-src.zip/py4j/java_gateway.py", line 1322, in __call__
[2025-11-27T09:53:28.102+0000] {subprocess.py:93} INFO -   File "/opt/flink/opt/python/pyflink.zip/pyflink/util/exceptions.py", line 146, in deco
[2025-11-27T09:53:28.103+0000] {subprocess.py:93} INFO -   File "/opt/flink/opt/python/py4j-0.10.9.7-src.zip/py4j/protocol.py", line 326, in get_return_value
[2025-11-27T09:53:28.103+0000] {subprocess.py:93} INFO - py4j.protocol.Py4JJavaError: An error occurred while calling o8.getStreamGraph.
[2025-11-27T09:53:28.104+0000] {subprocess.py:93} INFO - : java.lang.IllegalStateException: No operators defined in streaming topology. Cannot execute.
[2025-11-27T09:53:28.104+0000] {subprocess.py:93} INFO - 	at org.apache.flink.streaming.api.environment.StreamExecutionEnvironment.getStreamGraphGenerator(StreamExecutionEnvironment.java:2290)
[2025-11-27T09:53:28.104+0000] {subprocess.py:93} INFO - 	at org.apache.flink.streaming.api.environment.StreamExecutionEnvironment.getStreamGraph(StreamExecutionEnvironment.java:2257)
[2025-11-27T09:53:28.104+0000] {subprocess.py:93} INFO - 	at org.apache.flink.streaming.api.environment.StreamExecutionEnvironment.getStreamGraph(StreamExecutionEnvironment.java:2248)
[2025-11-27T09:53:28.105+0000] {subprocess.py:93} INFO - 	at java.base/jdk.internal.reflect.NativeMethodAccessorImpl.invoke0(Native Method)
[2025-11-27T09:53:28.105+0000] {subprocess.py:93} INFO - 	at java.base/jdk.internal.reflect.NativeMethodAccessorImpl.invoke(Unknown Source)
[2025-11-27T09:53:28.105+0000] {subprocess.py:93} INFO - 	at java.base/jdk.internal.reflect.DelegatingMethodAccessorImpl.invoke(Unknown Source)
[2025-11-27T09:53:28.106+0000] {subprocess.py:93} INFO - 	at java.base/java.lang.reflect.Method.invoke(Unknown Source)
[2025-11-27T09:53:28.107+0000] {subprocess.py:93} INFO - 	at org.apache.flink.api.python.shaded.py4j.reflection.MethodInvoker.invoke(MethodInvoker.java:244)
[2025-11-27T09:53:28.107+0000] {subprocess.py:93} INFO - 	at org.apache.flink.api.python.shaded.py4j.reflection.ReflectionEngine.invoke(ReflectionEngine.java:374)
[2025-11-27T09:53:28.107+0000] {subprocess.py:93} INFO - 	at org.apache.flink.api.python.shaded.py4j.Gateway.invoke(Gateway.java:282)
[2025-11-27T09:53:28.107+0000] {subprocess.py:93} INFO - 	at org.apache.flink.api.python.shaded.py4j.commands.AbstractCommand.invokeMethod(AbstractCommand.java:132)
[2025-11-27T09:53:28.107+0000] {subprocess.py:93} INFO - 	at org.apache.flink.api.python.shaded.py4j.commands.CallCommand.execute(CallCommand.java:79)
[2025-11-27T09:53:28.108+0000] {subprocess.py:93} INFO - 	at org.apache.flink.api.python.shaded.py4j.GatewayConnection.run(GatewayConnection.java:238)
[2025-11-27T09:53:28.108+0000] {subprocess.py:93} INFO - 	at java.base/java.lang.Thread.run(Unknown Source)
[2025-11-27T09:53:28.108+0000] {subprocess.py:93} INFO - 
[2025-11-27T09:53:28.200+0000] {subprocess.py:93} INFO - org.apache.flink.client.program.ProgramAbortException: java.lang.RuntimeException: Python process exits with code: 1
[2025-11-27T09:53:28.201+0000] {subprocess.py:93} INFO - 	at org.apache.flink.client.python.PythonDriver.main(PythonDriver.java:140)
[2025-11-27T09:53:28.201+0000] {subprocess.py:93} INFO - 	at java.base/jdk.internal.reflect.NativeMethodAccessorImpl.invoke0(Native Method)
[2025-11-27T09:53:28.201+0000] {subprocess.py:93} INFO - 	at java.base/jdk.internal.reflect.NativeMethodAccessorImpl.invoke(Unknown Source)
[2025-11-27T09:53:28.201+0000] {subprocess.py:93} INFO - 	at java.base/jdk.internal.reflect.DelegatingMethodAccessorImpl.invoke(Unknown Source)
[2025-11-27T09:53:28.202+0000] {subprocess.py:93} INFO - 	at java.base/java.lang.reflect.Method.invoke(Unknown Source)
[2025-11-27T09:53:28.202+0000] {subprocess.py:93} INFO - 	at org.apache.flink.client.program.PackagedProgram.callMainMethod(PackagedProgram.java:355)
[2025-11-27T09:53:28.202+0000] {subprocess.py:93} INFO - 	at org.apache.flink.client.program.PackagedProgram.invokeInteractiveModeForExecution(PackagedProgram.java:222)
[2025-11-27T09:53:28.202+0000] {subprocess.py:93} INFO - 	at org.apache.flink.client.ClientUtils.executeProgram(ClientUtils.java:105)
[2025-11-27T09:53:28.203+0000] {subprocess.py:93} INFO - 	at org.apache.flink.client.cli.CliFrontend.executeProgram(CliFrontend.java:851)
[2025-11-27T09:53:28.203+0000] {subprocess.py:93} INFO - 	at org.apache.flink.client.cli.CliFrontend.run(CliFrontend.java:245)
[2025-11-27T09:53:28.203+0000] {subprocess.py:93} INFO - 	at org.apache.flink.client.cli.CliFrontend.parseAndRun(CliFrontend.java:1095)
[2025-11-27T09:53:28.204+0000] {subprocess.py:93} INFO - 	at org.apache.flink.client.cli.CliFrontend.lambda$mainInternal$9(CliFrontend.java:1189)
[2025-11-27T09:53:28.204+0000] {subprocess.py:93} INFO - 	at org.apache.flink.runtime.security.contexts.NoOpSecurityContext.runSecured(NoOpSecurityContext.java:28)
[2025-11-27T09:53:28.204+0000] {subprocess.py:93} INFO - 	at org.apache.flink.client.cli.CliFrontend.mainInternal(CliFrontend.java:1189)
[2025-11-27T09:53:28.204+0000] {subprocess.py:93} INFO - 	at org.apache.flink.client.cli.CliFrontend.main(CliFrontend.java:1157)
[2025-11-27T09:53:28.205+0000] {subprocess.py:93} INFO - Caused by: java.lang.RuntimeException: Python process exits with code: 1
[2025-11-27T09:53:28.205+0000] {subprocess.py:93} INFO - 	at org.apache.flink.client.python.PythonDriver.main(PythonDriver.java:130)
[2025-11-27T09:53:28.205+0000] {subprocess.py:93} INFO - 	... 14 more
[2025-11-27T09:53:28.267+0000] {subprocess.py:93} INFO - ERROR: Flink job submission failed (exit code: 31)
[2025-11-27T09:53:28.267+0000] {subprocess.py:93} INFO - Flink JobManager logs (last 50 lines):
[2025-11-27T09:53:28.338+0000] {subprocess.py:93} INFO - 	sasl.oauthbearer.jwks.endpoint.refresh.ms = 3600000
[2025-11-27T09:53:28.339+0000] {subprocess.py:93} INFO - 	sasl.oauthbearer.jwks.endpoint.retry.backoff.max.ms = 10000
[2025-11-27T09:53:28.339+0000] {subprocess.py:93} INFO - 	sasl.oauthbearer.jwks.endpoint.retry.backoff.ms = 100
[2025-11-27T09:53:28.339+0000] {subprocess.py:93} INFO - 	sasl.oauthbearer.jwks.endpoint.url = null
[2025-11-27T09:53:28.339+0000] {subprocess.py:93} INFO - 	sasl.oauthbearer.scope.claim.name = scope
[2025-11-27T09:53:28.339+0000] {subprocess.py:93} INFO - 	sasl.oauthbearer.sub.claim.name = sub
[2025-11-27T09:53:28.339+0000] {subprocess.py:93} INFO - 	sasl.oauthbearer.token.endpoint.url = null
[2025-11-27T09:53:28.339+0000] {subprocess.py:93} INFO - 	security.protocol = PLAINTEXT
[2025-11-27T09:53:28.339+0000] {subprocess.py:93} INFO - 	security.providers = null
[2025-11-27T09:53:28.340+0000] {subprocess.py:93} INFO - 	send.buffer.bytes = 131072
[2025-11-27T09:53:28.340+0000] {subprocess.py:93} INFO - 	socket.connection.setup.timeout.max.ms = 30000
[2025-11-27T09:53:28.340+0000] {subprocess.py:93} INFO - 	socket.connection.setup.timeout.ms = 10000
[2025-11-27T09:53:28.340+0000] {subprocess.py:93} INFO - 	ssl.cipher.suites = null
[2025-11-27T09:53:28.340+0000] {subprocess.py:93} INFO - 	ssl.enabled.protocols = [TLSv1.2, TLSv1.3]
[2025-11-27T09:53:28.340+0000] {subprocess.py:93} INFO - 	ssl.endpoint.identification.algorithm = https
[2025-11-27T09:53:28.340+0000] {subprocess.py:93} INFO - 	ssl.engine.factory.class = null
[2025-11-27T09:53:28.340+0000] {subprocess.py:93} INFO - 	ssl.key.*** = null
[2025-11-27T09:53:28.341+0000] {subprocess.py:93} INFO - 	ssl.keymanager.algorithm = SunX509
[2025-11-27T09:53:28.341+0000] {subprocess.py:93} INFO - 	ssl.keystore.certificate.chain = null
[2025-11-27T09:53:28.341+0000] {subprocess.py:93} INFO - 	ssl.keystore.key = null
[2025-11-27T09:53:28.341+0000] {subprocess.py:93} INFO - 	ssl.keystore.location = null
[2025-11-27T09:53:28.341+0000] {subprocess.py:93} INFO - 	ssl.keystore.*** = null
[2025-11-27T09:53:28.341+0000] {subprocess.py:93} INFO - 	ssl.keystore.type = JKS
[2025-11-27T09:53:28.341+0000] {subprocess.py:93} INFO - 	ssl.protocol = TLSv1.3
[2025-11-27T09:53:28.341+0000] {subprocess.py:93} INFO - 	ssl.provider = null
[2025-11-27T09:53:28.341+0000] {subprocess.py:93} INFO - 	ssl.secure.random.implementation = null
[2025-11-27T09:53:28.341+0000] {subprocess.py:93} INFO - 	ssl.trustmanager.algorithm = PKIX
[2025-11-27T09:53:28.341+0000] {subprocess.py:93} INFO - 	ssl.truststore.certificates = null
[2025-11-27T09:53:28.341+0000] {subprocess.py:93} INFO - 	ssl.truststore.location = null
[2025-11-27T09:53:28.342+0000] {subprocess.py:93} INFO - 	ssl.truststore.*** = null
[2025-11-27T09:53:28.342+0000] {subprocess.py:93} INFO - 	ssl.truststore.type = JKS
[2025-11-27T09:53:28.342+0000] {subprocess.py:93} INFO - 
[2025-11-27T09:53:28.342+0000] {subprocess.py:93} INFO - 2025-11-27 09:53:27,989 INFO  org.apache.flink.runtime.jobmaster.JobMaster                 [] - Connecting to ResourceManager akka.tcp://flink@flink-jobmanager:6123/user/rpc/resourcemanager_*(00000000000000000000000000000000)
[2025-11-27T09:53:28.342+0000] {subprocess.py:93} INFO - 2025-11-27 09:53:28,024 WARN  org.apache.flink.kafka.shaded.org.apache.kafka.clients.admin.AdminClientConfig [] - The configuration 'key.deserializer' was supplied but isn't a known config.
[2025-11-27T09:53:28.342+0000] {subprocess.py:93} INFO - 2025-11-27 09:53:28,024 WARN  org.apache.flink.kafka.shaded.org.apache.kafka.clients.admin.AdminClientConfig [] - The configuration 'value.deserializer' was supplied but isn't a known config.
[2025-11-27T09:53:28.342+0000] {subprocess.py:93} INFO - 2025-11-27 09:53:28,025 WARN  org.apache.flink.kafka.shaded.org.apache.kafka.clients.admin.AdminClientConfig [] - The configuration 'enable.auto.commit' was supplied but isn't a known config.
[2025-11-27T09:53:28.342+0000] {subprocess.py:93} INFO - 2025-11-27 09:53:28,025 WARN  org.apache.flink.kafka.shaded.org.apache.kafka.clients.admin.AdminClientConfig [] - The configuration 'client.id.prefix' was supplied but isn't a known config.
[2025-11-27T09:53:28.342+0000] {subprocess.py:93} INFO - 2025-11-27 09:53:28,025 WARN  org.apache.flink.kafka.shaded.org.apache.kafka.clients.admin.AdminClientConfig [] - The configuration 'group.id' was supplied but isn't a known config.
[2025-11-27T09:53:28.342+0000] {subprocess.py:93} INFO - 2025-11-27 09:53:28,025 WARN  org.apache.flink.kafka.shaded.org.apache.kafka.clients.admin.AdminClientConfig [] - The configuration 'partition.discovery.interval.ms' was supplied but isn't a known config.
[2025-11-27T09:53:28.343+0000] {subprocess.py:93} INFO - 2025-11-27 09:53:28,025 WARN  org.apache.flink.kafka.shaded.org.apache.kafka.clients.admin.AdminClientConfig [] - The configuration 'auto.offset.reset' was supplied but isn't a known config.
[2025-11-27T09:53:28.343+0000] {subprocess.py:93} INFO - 2025-11-27 09:53:28,025 INFO  org.apache.flink.runtime.jobmaster.JobMaster                 [] - Resolved ResourceManager address, beginning registration
[2025-11-27T09:53:28.343+0000] {subprocess.py:93} INFO - 2025-11-27 09:53:28,026 INFO  org.apache.flink.kafka.shaded.org.apache.kafka.common.utils.AppInfoParser [] - Kafka version: unknown
[2025-11-27T09:53:28.343+0000] {subprocess.py:93} INFO - 2025-11-27 09:53:28,026 INFO  org.apache.flink.kafka.shaded.org.apache.kafka.common.utils.AppInfoParser [] - Kafka commitId: unknown
[2025-11-27T09:53:28.343+0000] {subprocess.py:93} INFO - 2025-11-27 09:53:28,026 INFO  org.apache.flink.kafka.shaded.org.apache.kafka.common.utils.AppInfoParser [] - Kafka startTimeMs: 1764237208025
[2025-11-27T09:53:28.343+0000] {subprocess.py:93} INFO - 2025-11-27 09:53:28,029 INFO  org.apache.flink.runtime.resourcemanager.StandaloneResourceManager [] - Registering job manager 00000000000000000000000000000000@akka.tcp://flink@flink-jobmanager:6123/user/rpc/jobmanager_3 for job f01fe0db7907b6ed58345c2933d2a4fc.
[2025-11-27T09:53:28.343+0000] {subprocess.py:93} INFO - 2025-11-27 09:53:28,038 INFO  org.apache.flink.runtime.resourcemanager.StandaloneResourceManager [] - Registered job manager 00000000000000000000000000000000@akka.tcp://flink@flink-jobmanager:6123/user/rpc/jobmanager_3 for job f01fe0db7907b6ed58345c2933d2a4fc.
[2025-11-27T09:53:28.343+0000] {subprocess.py:93} INFO - 2025-11-27 09:53:28,048 INFO  org.apache.flink.connector.kafka.source.enumerator.KafkaSourceEnumerator [] - Starting the KafkaSourceEnumerator for consumer group flink-group without periodic partition discovery.
[2025-11-27T09:53:28.343+0000] {subprocess.py:93} INFO - 2025-11-27 09:53:28,051 INFO  org.apache.flink.runtime.jobmaster.JobMaster                 [] - JobManager successfully registered at ResourceManager, leader id: 00000000000000000000000000000000.
[2025-11-27T09:53:28.343+0000] {subprocess.py:93} INFO - 2025-11-27 09:53:28,056 INFO  org.apache.flink.runtime.resourcemanager.slotmanager.DeclarativeSlotManager [] - Received resource requirements from job f01fe0db7907b6ed58345c2933d2a4fc: [ResourceRequirement{resourceProfile=ResourceProfile{UNKNOWN}, numberOfRequiredSlots=1}]
[2025-11-27T09:53:28.343+0000] {subprocess.py:93} INFO - 2025-11-27 09:53:28,173 INFO  org.apache.flink.connector.kafka.source.enumerator.KafkaSourceEnumerator [] - Discovered new partitions: [s3-taxi-trips-0]
[2025-11-27T09:53:28.344+0000] {subprocess.py:97} INFO - Command exited with return code 31
[2025-11-27T09:53:28.358+0000] {taskinstance.py:1935} ERROR - Task failed with exception
Traceback (most recent call last):
  File "/home/airflow/.local/lib/python3.8/site-packages/airflow/operators/bash.py", line 210, in execute
    raise AirflowException(
airflow.exceptions.AirflowException: Bash command failed. The command returned a non-zero exit code 31.
[2025-11-27T09:53:28.361+0000] {taskinstance.py:1398} INFO - Marking task as UP_FOR_RETRY. dag_id=taxi_streaming_pipeline, task_id=run_flink_job, execution_date=20251127T095302, start_date=20251127T095314, end_date=20251127T095328
[2025-11-27T09:53:28.373+0000] {standard_task_runner.py:104} ERROR - Failed to execute job 136 for task run_flink_job (Bash command failed. The command returned a non-zero exit code 31.; 121)
[2025-11-27T09:53:28.397+0000] {local_task_job_runner.py:228} INFO - Task exited with return code 1
[2025-11-27T09:53:28.422+0000] {taskinstance.py:2776} INFO - 0 downstream tasks scheduled from follow-on schedule check
