[2025-11-27T10:36:24.349+0000] {taskinstance.py:1157} INFO - Dependencies all met for dep_context=non-requeueable deps ti=<TaskInstance: taxi_streaming_pipeline.check_kafka_ready manual__2025-11-27T10:36:21.859956+00:00 [queued]>
[2025-11-27T10:36:24.356+0000] {taskinstance.py:1157} INFO - Dependencies all met for dep_context=requeueable deps ti=<TaskInstance: taxi_streaming_pipeline.check_kafka_ready manual__2025-11-27T10:36:21.859956+00:00 [queued]>
[2025-11-27T10:36:24.356+0000] {taskinstance.py:1359} INFO - Starting attempt 1 of 2
[2025-11-27T10:36:24.370+0000] {taskinstance.py:1380} INFO - Executing <Task(PythonOperator): check_kafka_ready> on 2025-11-27 10:36:21.859956+00:00
[2025-11-27T10:36:24.374+0000] {standard_task_runner.py:57} INFO - Started process 208 to run task
[2025-11-27T10:36:24.377+0000] {standard_task_runner.py:84} INFO - Running: ['airflow', 'tasks', 'run', 'taxi_streaming_pipeline', 'check_kafka_ready', 'manual__2025-11-27T10:36:21.859956+00:00', '--job-id', '182', '--raw', '--subdir', 'DAGS_FOLDER/taxi_pipeline_dag.py', '--cfg-path', '/tmp/tmpkiuglz6y']
[2025-11-27T10:36:24.378+0000] {standard_task_runner.py:85} INFO - Job 182: Subtask check_kafka_ready
[2025-11-27T10:36:24.435+0000] {task_command.py:415} INFO - Running <TaskInstance: taxi_streaming_pipeline.check_kafka_ready manual__2025-11-27T10:36:21.859956+00:00 [running]> on host 485e0d4eae03
[2025-11-27T10:36:24.511+0000] {taskinstance.py:1660} INFO - Exporting env vars: AIRFLOW_CTX_DAG_OWNER='Menna' AIRFLOW_CTX_DAG_ID='taxi_streaming_pipeline' AIRFLOW_CTX_TASK_ID='check_kafka_ready' AIRFLOW_CTX_EXECUTION_DATE='2025-11-27T10:36:21.859956+00:00' AIRFLOW_CTX_TRY_NUMBER='1' AIRFLOW_CTX_DAG_RUN_ID='manual__2025-11-27T10:36:21.859956+00:00'
[2025-11-27T10:36:27.606+0000] {logging_mixin.py:151} INFO - Kafka not ready (1/30): [Errno -2] Name or service not known
[2025-11-27T10:36:32.673+0000] {logging_mixin.py:151} INFO - Kafka not ready (2/30): [Errno -2] Name or service not known
[2025-11-27T10:36:38.550+0000] {logging_mixin.py:151} INFO - Kafka not ready (3/30): [Errno -2] Name or service not known
[2025-11-27T10:36:43.620+0000] {logging_mixin.py:151} INFO - Kafka not ready (4/30): [Errno -2] Name or service not known
[2025-11-27T10:36:48.708+0000] {logging_mixin.py:151} INFO - Kafka not ready (5/30): [Errno -2] Name or service not known
[2025-11-27T10:36:53.768+0000] {logging_mixin.py:151} INFO - Kafka not ready (6/30): [Errno -2] Name or service not known
[2025-11-27T10:36:58.885+0000] {logging_mixin.py:151} INFO - Kafka not ready (7/30): [Errno -2] Name or service not known
[2025-11-27T10:37:02.891+0000] {logging_mixin.py:151} INFO - Kafka is ready!
[2025-11-27T10:37:02.891+0000] {python.py:194} INFO - Done. Returned value was: True
[2025-11-27T10:37:02.932+0000] {taskinstance.py:1398} INFO - Marking task as SUCCESS. dag_id=taxi_streaming_pipeline, task_id=check_kafka_ready, execution_date=20251127T103621, start_date=20251127T103624, end_date=20251127T103702
[2025-11-27T10:37:02.980+0000] {local_task_job_runner.py:228} INFO - Task exited with return code 0
[2025-11-27T10:37:03.013+0000] {taskinstance.py:2776} INFO - 0 downstream tasks scheduled from follow-on schedule check
