[2025-11-27T10:54:12.084+0000] {taskinstance.py:1157} INFO - Dependencies all met for dep_context=non-requeueable deps ti=<TaskInstance: taxi_streaming_pipeline.run_flink_job manual__2025-11-27T10:53:53.872298+00:00 [queued]>
[2025-11-27T10:54:12.095+0000] {taskinstance.py:1157} INFO - Dependencies all met for dep_context=requeueable deps ti=<TaskInstance: taxi_streaming_pipeline.run_flink_job manual__2025-11-27T10:53:53.872298+00:00 [queued]>
[2025-11-27T10:54:12.096+0000] {taskinstance.py:1359} INFO - Starting attempt 1 of 2
[2025-11-27T10:54:12.112+0000] {taskinstance.py:1380} INFO - Executing <Task(BashOperator): run_flink_job> on 2025-11-27 10:53:53.872298+00:00
[2025-11-27T10:54:12.116+0000] {standard_task_runner.py:57} INFO - Started process 125 to run task
[2025-11-27T10:54:12.119+0000] {standard_task_runner.py:84} INFO - Running: ['airflow', 'tasks', 'run', 'taxi_streaming_pipeline', 'run_flink_job', 'manual__2025-11-27T10:53:53.872298+00:00', '--job-id', '231', '--raw', '--subdir', 'DAGS_FOLDER/taxi_pipeline_dag.py', '--cfg-path', '/tmp/tmpbar_cjdr']
[2025-11-27T10:54:12.120+0000] {standard_task_runner.py:85} INFO - Job 231: Subtask run_flink_job
[2025-11-27T10:54:12.182+0000] {task_command.py:415} INFO - Running <TaskInstance: taxi_streaming_pipeline.run_flink_job manual__2025-11-27T10:53:53.872298+00:00 [running]> on host 485e0d4eae03
[2025-11-27T10:54:12.304+0000] {taskinstance.py:1660} INFO - Exporting env vars: AIRFLOW_CTX_DAG_OWNER='Menna' AIRFLOW_CTX_DAG_ID='taxi_streaming_pipeline' AIRFLOW_CTX_TASK_ID='run_flink_job' AIRFLOW_CTX_EXECUTION_DATE='2025-11-27T10:53:53.872298+00:00' AIRFLOW_CTX_TRY_NUMBER='1' AIRFLOW_CTX_DAG_RUN_ID='manual__2025-11-27T10:53:53.872298+00:00'
[2025-11-27T10:54:12.307+0000] {subprocess.py:63} INFO - Tmp dir root location: /tmp
[2025-11-27T10:54:12.308+0000] {subprocess.py:75} INFO - Running command: ['/bin/bash', '-c', '\n        echo "=========================================="\n        echo "Submitting Flink Job"\n        echo "=========================================="\n\n        # Check if Docker is available\n        if ! command -v docker &> /dev/null; then\n            echo "ERROR: Docker command not available"\n            exit 1\n        fi\n\n        JOB_MANAGER_NAME="flink-jobmanager"\n        TASK_MANAGER_NAME="flink-taskmanager"\n        \n        # Verify JobManager is running\n        if ! docker ps --filter "name=^${JOB_MANAGER_NAME}$" -q | grep -q .; then\n            echo "ERROR: Flink JobManager container not running"\n            docker ps || true\n            exit 1\n        fi\n\n        # Verify TaskManager is running and ready\n        echo "Checking Flink TaskManager availability..."\n        if ! docker ps --filter "name=^${TASK_MANAGER_NAME}$" -q | grep -q .; then\n            echo "ERROR: Flink TaskManager container not running"\n            docker ps || true\n            exit 1\n        fi\n\n        echo "✓ Flink JobManager is running"\n        echo "✓ Flink TaskManager is running"\n\n        # Wait for Flink cluster to be fully ready\n        echo "Waiting for Flink cluster to be ready..."\n        MAX_RETRIES=30\n        RETRY_COUNT=0\n        FLINK_READY=0\n\n        while [ $RETRY_COUNT -lt $MAX_RETRIES ]; do\n            # Check if Flink REST API is accessible\n            if docker exec "$JOB_MANAGER_NAME" curl -s http://localhost:8081/overview > /dev/null 2>&1; then\n                # Check if TaskManager is registered\n                TASK_MANAGERS=$(docker exec "$JOB_MANAGER_NAME" curl -s http://localhost:8081/taskmanagers 2>/dev/null | grep -o "taskmanagers" | wc -l || echo "0")\n                if [ "$TASK_MANAGERS" -gt "0" ]; then\n                    echo "✓ Flink cluster is ready (TaskManagers registered)"\n                    FLINK_READY=1\n                    break\n                fi\n            fi\n            RETRY_COUNT=$((RETRY_COUNT + 1))\n            echo "Waiting for Flink cluster... ($RETRY_COUNT/$MAX_RETRIES)"\n            sleep 2\n        done\n\n        if [ "$FLINK_READY" != "1" ]; then\n            echo "ERROR: Flink cluster not ready after $MAX_RETRIES retries"\n            echo "JobManager logs:"\n            docker logs "$JOB_MANAGER_NAME" 2>&1 | tail -20\n            exit 1\n        fi\n\n        # Wait a bit more for Kafka messages to be available\n        echo "Waiting for Kafka messages to be available..."\n        sleep 10\n\n        JOB_FILE="/opt/flink/jobs/kafka_consumer_ui.py"\n        echo "Verifying Flink job file: $JOB_FILE"\n        if ! docker exec "$JOB_MANAGER_NAME" test -f "$JOB_FILE"; then\n            echo "ERROR: Flink job file not found: $JOB_FILE"\n            echo "Files in /opt/flink/jobs:"\n            docker exec "$JOB_MANAGER_NAME" ls -la /opt/flink/jobs/ || true\n            exit 1\n        fi\n\n        # Verify the job file structure\n        echo "Verifying Flink job file structure..."\n        \n        # Check for env.execute()\n        if docker exec "$JOB_MANAGER_NAME" grep -q "^env.execute" "$JOB_FILE"; then\n            echo "✓ env.execute() is present"\n        else\n            echo "WARNING: env.execute() not found, attempting to uncomment..."\n            docker exec "$JOB_MANAGER_NAME" sed -i \'s/^# env.execute/env.execute/\' "$JOB_FILE" 2>/dev/null || true\n        fi\n        \n        # Check for INSERT INTO statement (creates the operator)\n        if docker exec "$JOB_MANAGER_NAME" grep -q "INSERT INTO" "$JOB_FILE"; then\n            echo "✓ INSERT INTO statement found (creates operator)"\n        else\n            echo "ERROR: INSERT INTO statement not found in job file!"\n            echo "The Flink job must have an INSERT INTO statement to create operators."\n            exit 1\n        fi\n        \n        # Check for source table definition\n        if docker exec "$JOB_MANAGER_NAME" grep -q "CREATE TABLE.*taxi_trips" "$JOB_FILE"; then\n            echo "✓ Source table definition found"\n        else\n            echo "WARNING: Source table definition may be missing"\n        fi\n        \n        # Check for sink table definition\n        if docker exec "$JOB_MANAGER_NAME" grep -q "CREATE TABLE.*taxi_trips_dashboard" "$JOB_FILE"; then\n            echo "✓ Sink table definition found"\n        else\n            echo "WARNING: Sink table definition may be missing"\n        fi\n\n        echo ""\n        echo "Submitting Flink job..."\n        echo "Command: flink run -py $JOB_FILE -d"\n        \n        # Submit the job and capture output\n        FLINK_OUTPUT=$(docker exec "$JOB_MANAGER_NAME" flink run -py "$JOB_FILE" -d 2>&1)\n        FLINK_EXIT_CODE=$?\n        \n        echo "$FLINK_OUTPUT"\n        \n        # Check if job was actually submitted by querying Flink REST API\n        # Even if flink run returns non-zero, the job might still be running\n        echo ""\n        echo "Verifying job submission via Flink REST API..."\n        sleep 5  # Give Flink a moment to register the job\n        \n        JOB_SUBMITTED=0\n        MAX_VERIFY_RETRIES=10\n        VERIFY_COUNT=0\n        \n        while [ $VERIFY_COUNT -lt $MAX_VERIFY_RETRIES ]; do\n            # Get list of running jobs from Flink REST API\n            JOBS_JSON=$(docker exec "$JOB_MANAGER_NAME" curl -s http://localhost:8081/jobs 2>/dev/null || echo "")\n            if [ -n "$JOBS_JSON" ]; then\n                # Check if there are any running jobs\n                RUNNING_JOBS=$(echo "$JOBS_JSON" | grep -o \'"status":"RUNNING"\' | wc -l || echo "0")\n                if [ "$RUNNING_JOBS" -gt "0" ]; then\n                    echo "✓ Found $RUNNING_JOBS running job(s) in Flink cluster"\n                    JOB_SUBMITTED=1\n                    break\n                fi\n            fi\n            VERIFY_COUNT=$((VERIFY_COUNT + 1))\n            echo "Waiting for job to appear in Flink cluster... ($VERIFY_COUNT/$MAX_VERIFY_RETRIES)"\n            sleep 3\n        done\n        \n        if [ "$JOB_SUBMITTED" = "1" ]; then\n            echo ""\n            echo "✓ Flink job submitted and running successfully!"\n            echo "Job is running and will:"\n            echo "  - Consume from Kafka topic: s3-taxi-trips"\n            echo "  - Transform and enrich the data"\n            echo "  - Load into PostgreSQL table: taxi_trips_dashboard"\n            echo ""\n            echo "Check Flink UI at http://localhost:8081 for job status"\n            # Exit with success even if flink run had warnings\n            exit 0\n        else\n            # Job not found in cluster - this is a real failure\n            echo ""\n            echo "ERROR: Flink job submission verification failed"\n            echo "The flink run command exited with code: $FLINK_EXIT_CODE"\n            echo "Job was not found running in Flink cluster after verification attempts"\n            echo ""\n            echo "Flink JobManager logs (last 50 lines):"\n            echo "----------------------------------------"\n            docker logs "$JOB_MANAGER_NAME" 2>&1 | tail -50\n            echo "----------------------------------------"\n            echo ""\n            echo "Flink TaskManager logs (last 30 lines):"\n            echo "----------------------------------------"\n            docker logs "$TASK_MANAGER_NAME" 2>&1 | tail -30\n            echo "----------------------------------------"\n            echo ""\n            echo "Troubleshooting:"\n            echo "1. Check if Kafka has messages: docker exec kafka kafka-console-consumer --bootstrap-server localhost:9092 --topic s3-taxi-trips --from-beginning --max-messages 1"\n            echo "2. Check Flink UI: http://localhost:8081"\n            echo "3. Verify connectors are available in /opt/flink/usrlib/"\n            exit 1\n        fi\n        ']
[2025-11-27T10:54:12.328+0000] {subprocess.py:86} INFO - Output:
[2025-11-27T10:54:12.330+0000] {subprocess.py:93} INFO - ==========================================
[2025-11-27T10:54:12.330+0000] {subprocess.py:93} INFO - Submitting Flink Job
[2025-11-27T10:54:12.330+0000] {subprocess.py:93} INFO - ==========================================
[2025-11-27T10:54:12.409+0000] {subprocess.py:93} INFO - Checking Flink TaskManager availability...
[2025-11-27T10:54:12.468+0000] {subprocess.py:93} INFO - ✓ Flink JobManager is running
[2025-11-27T10:54:12.469+0000] {subprocess.py:93} INFO - ✓ Flink TaskManager is running
[2025-11-27T10:54:12.469+0000] {subprocess.py:93} INFO - Waiting for Flink cluster to be ready...
[2025-11-27T10:54:12.901+0000] {subprocess.py:93} INFO - ✓ Flink cluster is ready (TaskManagers registered)
[2025-11-27T10:54:12.901+0000] {subprocess.py:93} INFO - Waiting for Kafka messages to be available...
[2025-11-27T10:54:23.854+0000] {subprocess.py:93} INFO - Verifying Flink job file: /opt/flink/jobs/kafka_consumer_ui.py
[2025-11-27T10:54:23.981+0000] {subprocess.py:93} INFO - Verifying Flink job file structure...
[2025-11-27T10:54:24.109+0000] {subprocess.py:93} INFO - ✓ env.execute() is present
[2025-11-27T10:54:24.236+0000] {subprocess.py:93} INFO - ✓ INSERT INTO statement found (creates operator)
[2025-11-27T10:54:24.353+0000] {subprocess.py:93} INFO - ✓ Source table definition found
[2025-11-27T10:54:24.471+0000] {subprocess.py:93} INFO - ✓ Sink table definition found
[2025-11-27T10:54:24.471+0000] {subprocess.py:93} INFO - 
[2025-11-27T10:54:24.471+0000] {subprocess.py:93} INFO - Submitting Flink job...
[2025-11-27T10:54:24.471+0000] {subprocess.py:93} INFO - Command: flink run -py /opt/flink/jobs/kafka_consumer_ui.py -d
[2025-11-27T10:54:35.761+0000] {subprocess.py:93} INFO - WARNING: An illegal reflective access operation has occurred
[2025-11-27T10:54:35.762+0000] {subprocess.py:93} INFO - WARNING: Illegal reflective access by org.apache.flink.api.java.ClosureCleaner (file:/opt/flink/lib/flink-dist-1.17.2.jar) to field java.lang.String.value
[2025-11-27T10:54:35.762+0000] {subprocess.py:93} INFO - WARNING: Please consider reporting this to the maintainers of org.apache.flink.api.java.ClosureCleaner
[2025-11-27T10:54:35.763+0000] {subprocess.py:93} INFO - WARNING: Use --illegal-access=warn to enable warnings of further illegal reflective access operations
[2025-11-27T10:54:35.763+0000] {subprocess.py:93} INFO - WARNING: All illegal access operations will be denied in a future release
[2025-11-27T10:54:35.763+0000] {subprocess.py:93} INFO - Job has been submitted with JobID 720727e47a4eaebfc2a39c70c08a4f95
[2025-11-27T10:54:35.763+0000] {subprocess.py:93} INFO - Traceback (most recent call last):
[2025-11-27T10:54:35.763+0000] {subprocess.py:93} INFO -   File "/opt/flink/jobs/kafka_consumer_ui.py", line 286, in <module>
[2025-11-27T10:54:35.763+0000] {subprocess.py:93} INFO -     env.execute("Flink Kafka Taxi Dashboard Job")
[2025-11-27T10:54:35.764+0000] {subprocess.py:93} INFO -   File "/opt/flink/opt/python/pyflink.zip/pyflink/datastream/stream_execution_environment.py", line 763, in execute
[2025-11-27T10:54:35.764+0000] {subprocess.py:93} INFO -   File "/opt/flink/opt/python/pyflink.zip/pyflink/datastream/stream_execution_environment.py", line 1012, in _generate_stream_graph
[2025-11-27T10:54:35.764+0000] {subprocess.py:93} INFO -   File "/opt/flink/opt/python/py4j-0.10.9.7-src.zip/py4j/java_gateway.py", line 1322, in __call__
[2025-11-27T10:54:35.764+0000] {subprocess.py:93} INFO -   File "/opt/flink/opt/python/pyflink.zip/pyflink/util/exceptions.py", line 146, in deco
[2025-11-27T10:54:35.764+0000] {subprocess.py:93} INFO -   File "/opt/flink/opt/python/py4j-0.10.9.7-src.zip/py4j/protocol.py", line 326, in get_return_value
[2025-11-27T10:54:35.765+0000] {subprocess.py:93} INFO - py4j.protocol.Py4JJavaError: An error occurred while calling o8.getStreamGraph.
[2025-11-27T10:54:35.765+0000] {subprocess.py:93} INFO - : java.lang.IllegalStateException: No operators defined in streaming topology. Cannot execute.
[2025-11-27T10:54:35.765+0000] {subprocess.py:93} INFO - 	at org.apache.flink.streaming.api.environment.StreamExecutionEnvironment.getStreamGraphGenerator(StreamExecutionEnvironment.java:2290)
[2025-11-27T10:54:35.765+0000] {subprocess.py:93} INFO - 	at org.apache.flink.streaming.api.environment.StreamExecutionEnvironment.getStreamGraph(StreamExecutionEnvironment.java:2257)
[2025-11-27T10:54:35.765+0000] {subprocess.py:93} INFO - 	at org.apache.flink.streaming.api.environment.StreamExecutionEnvironment.getStreamGraph(StreamExecutionEnvironment.java:2248)
[2025-11-27T10:54:35.766+0000] {subprocess.py:93} INFO - 	at java.base/jdk.internal.reflect.NativeMethodAccessorImpl.invoke0(Native Method)
[2025-11-27T10:54:35.766+0000] {subprocess.py:93} INFO - 	at java.base/jdk.internal.reflect.NativeMethodAccessorImpl.invoke(Unknown Source)
[2025-11-27T10:54:35.766+0000] {subprocess.py:93} INFO - 	at java.base/jdk.internal.reflect.DelegatingMethodAccessorImpl.invoke(Unknown Source)
[2025-11-27T10:54:35.766+0000] {subprocess.py:93} INFO - 	at java.base/java.lang.reflect.Method.invoke(Unknown Source)
[2025-11-27T10:54:35.766+0000] {subprocess.py:93} INFO - 	at org.apache.flink.api.python.shaded.py4j.reflection.MethodInvoker.invoke(MethodInvoker.java:244)
[2025-11-27T10:54:35.766+0000] {subprocess.py:93} INFO - 	at org.apache.flink.api.python.shaded.py4j.reflection.ReflectionEngine.invoke(ReflectionEngine.java:374)
[2025-11-27T10:54:35.767+0000] {subprocess.py:93} INFO - 	at org.apache.flink.api.python.shaded.py4j.Gateway.invoke(Gateway.java:282)
[2025-11-27T10:54:35.767+0000] {subprocess.py:93} INFO - 	at org.apache.flink.api.python.shaded.py4j.commands.AbstractCommand.invokeMethod(AbstractCommand.java:132)
[2025-11-27T10:54:35.767+0000] {subprocess.py:93} INFO - 	at org.apache.flink.api.python.shaded.py4j.commands.CallCommand.execute(CallCommand.java:79)
[2025-11-27T10:54:35.767+0000] {subprocess.py:93} INFO - 	at org.apache.flink.api.python.shaded.py4j.GatewayConnection.run(GatewayConnection.java:238)
[2025-11-27T10:54:35.767+0000] {subprocess.py:93} INFO - 	at java.base/java.lang.Thread.run(Unknown Source)
[2025-11-27T10:54:35.767+0000] {subprocess.py:93} INFO - 
[2025-11-27T10:54:35.768+0000] {subprocess.py:93} INFO - org.apache.flink.client.program.ProgramAbortException: java.lang.RuntimeException: Python process exits with code: 1
[2025-11-27T10:54:35.768+0000] {subprocess.py:93} INFO - 	at org.apache.flink.client.python.PythonDriver.main(PythonDriver.java:140)
[2025-11-27T10:54:35.768+0000] {subprocess.py:93} INFO - 	at java.base/jdk.internal.reflect.NativeMethodAccessorImpl.invoke0(Native Method)
[2025-11-27T10:54:35.768+0000] {subprocess.py:93} INFO - 	at java.base/jdk.internal.reflect.NativeMethodAccessorImpl.invoke(Unknown Source)
[2025-11-27T10:54:35.768+0000] {subprocess.py:93} INFO - 	at java.base/jdk.internal.reflect.DelegatingMethodAccessorImpl.invoke(Unknown Source)
[2025-11-27T10:54:35.769+0000] {subprocess.py:93} INFO - 	at java.base/java.lang.reflect.Method.invoke(Unknown Source)
[2025-11-27T10:54:35.769+0000] {subprocess.py:93} INFO - 	at org.apache.flink.client.program.PackagedProgram.callMainMethod(PackagedProgram.java:355)
[2025-11-27T10:54:35.769+0000] {subprocess.py:93} INFO - 	at org.apache.flink.client.program.PackagedProgram.invokeInteractiveModeForExecution(PackagedProgram.java:222)
[2025-11-27T10:54:35.769+0000] {subprocess.py:93} INFO - 	at org.apache.flink.client.ClientUtils.executeProgram(ClientUtils.java:105)
[2025-11-27T10:54:35.769+0000] {subprocess.py:93} INFO - 	at org.apache.flink.client.cli.CliFrontend.executeProgram(CliFrontend.java:851)
[2025-11-27T10:54:35.769+0000] {subprocess.py:93} INFO - 	at org.apache.flink.client.cli.CliFrontend.run(CliFrontend.java:245)
[2025-11-27T10:54:35.770+0000] {subprocess.py:93} INFO - 	at org.apache.flink.client.cli.CliFrontend.parseAndRun(CliFrontend.java:1095)
[2025-11-27T10:54:35.770+0000] {subprocess.py:93} INFO - 	at org.apache.flink.client.cli.CliFrontend.lambda$mainInternal$9(CliFrontend.java:1189)
[2025-11-27T10:54:35.770+0000] {subprocess.py:93} INFO - 	at org.apache.flink.runtime.security.contexts.NoOpSecurityContext.runSecured(NoOpSecurityContext.java:28)
[2025-11-27T10:54:35.770+0000] {subprocess.py:93} INFO - 	at org.apache.flink.client.cli.CliFrontend.mainInternal(CliFrontend.java:1189)
[2025-11-27T10:54:35.770+0000] {subprocess.py:93} INFO - 	at org.apache.flink.client.cli.CliFrontend.main(CliFrontend.java:1157)
[2025-11-27T10:54:35.770+0000] {subprocess.py:93} INFO - Caused by: java.lang.RuntimeException: Python process exits with code: 1
[2025-11-27T10:54:35.770+0000] {subprocess.py:93} INFO - 	at org.apache.flink.client.python.PythonDriver.main(PythonDriver.java:130)
[2025-11-27T10:54:35.770+0000] {subprocess.py:93} INFO - 	... 14 more
[2025-11-27T10:54:35.771+0000] {subprocess.py:93} INFO - 
[2025-11-27T10:54:35.771+0000] {subprocess.py:93} INFO - Verifying job submission via Flink REST API...
[2025-11-27T10:54:41.161+0000] {subprocess.py:93} INFO - ✓ Found 1 running job(s) in Flink cluster
[2025-11-27T10:54:41.161+0000] {subprocess.py:93} INFO - 
[2025-11-27T10:54:41.161+0000] {subprocess.py:93} INFO - ✓ Flink job submitted and running successfully!
[2025-11-27T10:54:41.162+0000] {subprocess.py:93} INFO - Job is running and will:
[2025-11-27T10:54:41.162+0000] {subprocess.py:93} INFO -   - Consume from Kafka topic: s3-taxi-trips
[2025-11-27T10:54:41.162+0000] {subprocess.py:93} INFO -   - Transform and enrich the data
[2025-11-27T10:54:41.162+0000] {subprocess.py:93} INFO -   - Load into PostgreSQL table: taxi_trips_dashboard
[2025-11-27T10:54:41.162+0000] {subprocess.py:93} INFO - 
[2025-11-27T10:54:41.163+0000] {subprocess.py:93} INFO - Check Flink UI at http://localhost:8081 for job status
[2025-11-27T10:54:41.163+0000] {subprocess.py:97} INFO - Command exited with return code 0
[2025-11-27T10:54:41.216+0000] {taskinstance.py:1398} INFO - Marking task as SUCCESS. dag_id=taxi_streaming_pipeline, task_id=run_flink_job, execution_date=20251127T105353, start_date=20251127T105412, end_date=20251127T105441
[2025-11-27T10:54:41.265+0000] {local_task_job_runner.py:228} INFO - Task exited with return code 0
[2025-11-27T10:54:41.310+0000] {taskinstance.py:2776} INFO - 1 downstream tasks scheduled from follow-on schedule check
