[2025-11-27T08:17:21.470+0000] {taskinstance.py:1157} INFO - Dependencies all met for dep_context=non-requeueable deps ti=<TaskInstance: taxi_streaming_pipeline.run_flink_job manual__2025-11-27T08:15:54.603563+00:00 [queued]>
[2025-11-27T08:17:21.478+0000] {taskinstance.py:1157} INFO - Dependencies all met for dep_context=requeueable deps ti=<TaskInstance: taxi_streaming_pipeline.run_flink_job manual__2025-11-27T08:15:54.603563+00:00 [queued]>
[2025-11-27T08:17:21.478+0000] {taskinstance.py:1359} INFO - Starting attempt 2 of 2
[2025-11-27T08:17:21.488+0000] {taskinstance.py:1380} INFO - Executing <Task(BashOperator): run_flink_job> on 2025-11-27 08:15:54.603563+00:00
[2025-11-27T08:17:21.492+0000] {standard_task_runner.py:57} INFO - Started process 147 to run task
[2025-11-27T08:17:21.495+0000] {standard_task_runner.py:84} INFO - Running: ['airflow', 'tasks', 'run', 'taxi_streaming_pipeline', 'run_flink_job', 'manual__2025-11-27T08:15:54.603563+00:00', '--job-id', '56', '--raw', '--subdir', 'DAGS_FOLDER/taxi_pipeline_dag.py', '--cfg-path', '/tmp/tmpu8v7ojrq']
[2025-11-27T08:17:21.497+0000] {standard_task_runner.py:85} INFO - Job 56: Subtask run_flink_job
[2025-11-27T08:17:21.566+0000] {task_command.py:415} INFO - Running <TaskInstance: taxi_streaming_pipeline.run_flink_job manual__2025-11-27T08:15:54.603563+00:00 [running]> on host d629b7fb5869
[2025-11-27T08:17:21.644+0000] {taskinstance.py:1660} INFO - Exporting env vars: AIRFLOW_CTX_DAG_OWNER='Menna' AIRFLOW_CTX_DAG_ID='taxi_streaming_pipeline' AIRFLOW_CTX_TASK_ID='run_flink_job' AIRFLOW_CTX_EXECUTION_DATE='2025-11-27T08:15:54.603563+00:00' AIRFLOW_CTX_TRY_NUMBER='2' AIRFLOW_CTX_DAG_RUN_ID='manual__2025-11-27T08:15:54.603563+00:00'
[2025-11-27T08:17:21.645+0000] {subprocess.py:63} INFO - Tmp dir root location: /tmp
[2025-11-27T08:17:21.645+0000] {subprocess.py:75} INFO - Running command: ['/bin/bash', '-c', '\n        echo "Submitting Flink Job to consume from Kafka, transform, and load to Postgres..."\n        \n        # Wait a bit for Kafka messages to be available\n        echo "Waiting for Kafka messages to be available..."\n        sleep 10\n        \n        # Check if docker command is available and has socket access\n        DOCKER_AVAILABLE=0\n        if command -v docker &> /dev/null; then\n            if docker ps &> /dev/null 2>&1; then\n                DOCKER_AVAILABLE=1\n                echo "Docker is available and accessible"\n            else\n                echo "Docker command exists but socket is not accessible"\n                echo "Error: Cannot connect to Docker daemon"\n            fi\n        else\n            echo "Docker command not found"\n        fi\n        \n        if [ "$DOCKER_AVAILABLE" = "1" ]; then\n            # Check if flink-jobmanager container is running\n            FLINK_RUNNING=$(docker ps --filter "name=^flink-jobmanager$" -q | wc -l)\n            \n            if [ "$FLINK_RUNNING" = "1" ]; then\n                echo "flink-jobmanager container is running. Submitting Flink job..."\n                \n                # First, check if the job file exists and uncomment env.execute() if needed\n                echo "Checking Flink job file..."\n                docker exec flink-jobmanager sh -c "grep -q \'^# env.execute\' /opt/flink/jobs/kafka_consumer_ui.py && sed -i \'s/^# env.execute/env.execute/\' /opt/flink/jobs/kafka_consumer_ui.py || true"\n                \n                # Submit the Flink Python job\n                echo "Submitting job via flink run..."\n                if docker exec flink-jobmanager flink run -py /opt/flink/jobs/kafka_consumer_ui.py -d; then\n                    echo "Flink job submitted successfully!"\n                    echo "Check Flink UI at http://localhost:8081 for job status"\n                    echo "Job is running and will consume from Kafka, transform data, and load to Postgres"\n                else\n                    EXIT_CODE=$?\n                    echo "ERROR: Flink job submission failed with exit code $EXIT_CODE"\n                    echo "Check Flink logs: docker logs flink-jobmanager"\n                    echo "You may need to submit the job manually via Flink UI at http://localhost:8081"\n                    exit $EXIT_CODE\n                fi\n            else\n                echo "ERROR: flink-jobmanager container is not running"\n                echo "Please ensure Flink is started: docker-compose up -d flink-jobmanager flink-taskmanager"\n                exit 1\n            fi\n        else\n            echo "Docker is not available. Cannot submit Flink job automatically."\n            echo "Please submit the Flink job manually:"\n            echo "  docker exec flink-jobmanager flink run -py /opt/flink/jobs/kafka_consumer_ui.py -d"\n            echo "Or access Flink UI at http://localhost:8081 and submit the job through the web interface"\n            echo "Note: The job file is at /opt/flink/jobs/kafka_consumer_ui.py in the Flink container"\n            exit 1\n        fi\n        \n        echo "Flink job submission process completed"\n        ']
[2025-11-27T08:17:21.652+0000] {subprocess.py:86} INFO - Output:
[2025-11-27T08:17:21.653+0000] {subprocess.py:93} INFO - Submitting Flink Job to consume from Kafka, transform, and load to Postgres...
[2025-11-27T08:17:21.654+0000] {subprocess.py:93} INFO - Waiting for Kafka messages to be available...
[2025-11-27T08:17:31.683+0000] {subprocess.py:93} INFO - Docker command exists but socket is not accessible
[2025-11-27T08:17:31.683+0000] {subprocess.py:93} INFO - Error: Cannot connect to Docker daemon
[2025-11-27T08:17:31.683+0000] {subprocess.py:93} INFO - Docker is not available. Cannot submit Flink job automatically.
[2025-11-27T08:17:31.684+0000] {subprocess.py:93} INFO - Please submit the Flink job manually:
[2025-11-27T08:17:31.684+0000] {subprocess.py:93} INFO -   docker exec flink-jobmanager flink run -py /opt/flink/jobs/kafka_consumer_ui.py -d
[2025-11-27T08:17:31.684+0000] {subprocess.py:93} INFO - Or access Flink UI at http://localhost:8081 and submit the job through the web interface
[2025-11-27T08:17:31.684+0000] {subprocess.py:93} INFO - Note: The job file is at /opt/flink/jobs/kafka_consumer_ui.py in the Flink container
[2025-11-27T08:17:31.684+0000] {subprocess.py:97} INFO - Command exited with return code 1
[2025-11-27T08:17:31.696+0000] {taskinstance.py:1935} ERROR - Task failed with exception
Traceback (most recent call last):
  File "/home/airflow/.local/lib/python3.8/site-packages/airflow/operators/bash.py", line 210, in execute
    raise AirflowException(
airflow.exceptions.AirflowException: Bash command failed. The command returned a non-zero exit code 1.
[2025-11-27T08:17:31.700+0000] {taskinstance.py:1398} INFO - Marking task as FAILED. dag_id=taxi_streaming_pipeline, task_id=run_flink_job, execution_date=20251127T081554, start_date=20251127T081721, end_date=20251127T081731
[2025-11-27T08:17:31.710+0000] {standard_task_runner.py:104} ERROR - Failed to execute job 56 for task run_flink_job (Bash command failed. The command returned a non-zero exit code 1.; 147)
[2025-11-27T08:17:31.738+0000] {local_task_job_runner.py:228} INFO - Task exited with return code 1
[2025-11-27T08:17:31.761+0000] {taskinstance.py:2776} INFO - 0 downstream tasks scheduled from follow-on schedule check
