[2025-11-27T07:15:03.074+0000] {taskinstance.py:1157} INFO - Dependencies all met for dep_context=non-requeueable deps ti=<TaskInstance: taxi_streaming_pipeline.start_kafka_producer manual__2025-11-27T07:09:57.253210+00:00 [queued]>
[2025-11-27T07:15:03.084+0000] {taskinstance.py:1157} INFO - Dependencies all met for dep_context=requeueable deps ti=<TaskInstance: taxi_streaming_pipeline.start_kafka_producer manual__2025-11-27T07:09:57.253210+00:00 [queued]>
[2025-11-27T07:15:03.084+0000] {taskinstance.py:1359} INFO - Starting attempt 2 of 2
[2025-11-27T07:15:03.100+0000] {taskinstance.py:1380} INFO - Executing <Task(BashOperator): start_kafka_producer> on 2025-11-27 07:09:57.253210+00:00
[2025-11-27T07:15:03.105+0000] {standard_task_runner.py:57} INFO - Started process 72 to run task
[2025-11-27T07:15:03.116+0000] {standard_task_runner.py:84} INFO - Running: ['airflow', 'tasks', 'run', 'taxi_streaming_pipeline', 'start_kafka_producer', 'manual__2025-11-27T07:09:57.253210+00:00', '--job-id', '10', '--raw', '--subdir', 'DAGS_FOLDER/taxi_pipeline_dag.py', '--cfg-path', '/tmp/tmpemil4cll']
[2025-11-27T07:15:03.119+0000] {standard_task_runner.py:85} INFO - Job 10: Subtask start_kafka_producer
[2025-11-27T07:15:03.255+0000] {task_command.py:415} INFO - Running <TaskInstance: taxi_streaming_pipeline.start_kafka_producer manual__2025-11-27T07:09:57.253210+00:00 [running]> on host d629b7fb5869
[2025-11-27T07:15:03.432+0000] {taskinstance.py:1660} INFO - Exporting env vars: AIRFLOW_CTX_DAG_OWNER='Menna' AIRFLOW_CTX_DAG_ID='taxi_streaming_pipeline' AIRFLOW_CTX_TASK_ID='start_kafka_producer' AIRFLOW_CTX_EXECUTION_DATE='2025-11-27T07:09:57.253210+00:00' AIRFLOW_CTX_TRY_NUMBER='2' AIRFLOW_CTX_DAG_RUN_ID='manual__2025-11-27T07:09:57.253210+00:00'
[2025-11-27T07:15:03.434+0000] {subprocess.py:63} INFO - Tmp dir root location: /tmp
[2025-11-27T07:15:03.436+0000] {subprocess.py:75} INFO - Running command: ['/bin/bash', '-c', '\n        echo "Starting S3 to Kafka Producer..."\n        python3 ~/s3-kafka-flink-pipeline/producer/s3_to_kafka.py\n        ']
[2025-11-27T07:15:03.453+0000] {subprocess.py:86} INFO - Output:
[2025-11-27T07:15:03.461+0000] {subprocess.py:93} INFO - Starting S3 to Kafka Producer...
[2025-11-27T07:15:03.666+0000] {subprocess.py:93} INFO - python3: can't open file '/home/airflow/s3-kafka-flink-pipeline/producer/s3_to_kafka.py': [Errno 2] No such file or directory
[2025-11-27T07:15:03.674+0000] {subprocess.py:97} INFO - Command exited with return code 2
[2025-11-27T07:15:03.697+0000] {taskinstance.py:1935} ERROR - Task failed with exception
Traceback (most recent call last):
  File "/home/airflow/.local/lib/python3.8/site-packages/airflow/operators/bash.py", line 210, in execute
    raise AirflowException(
airflow.exceptions.AirflowException: Bash command failed. The command returned a non-zero exit code 2.
[2025-11-27T07:15:03.702+0000] {taskinstance.py:1398} INFO - Marking task as FAILED. dag_id=taxi_streaming_pipeline, task_id=start_kafka_producer, execution_date=20251127T070957, start_date=20251127T071503, end_date=20251127T071503
[2025-11-27T07:15:03.720+0000] {standard_task_runner.py:104} ERROR - Failed to execute job 10 for task start_kafka_producer (Bash command failed. The command returned a non-zero exit code 2.; 72)
[2025-11-27T07:15:03.732+0000] {local_task_job_runner.py:228} INFO - Task exited with return code 1
[2025-11-27T07:15:03.766+0000] {taskinstance.py:2776} INFO - 0 downstream tasks scheduled from follow-on schedule check
