[2025-11-27T06:30:09.949+0000] {taskinstance.py:1157} INFO - Dependencies all met for dep_context=non-requeueable deps ti=<TaskInstance: taxi_pipeline.s3_to_kafka manual__2025-11-27T06:30:06.128397+00:00 [queued]>
[2025-11-27T06:30:09.955+0000] {taskinstance.py:1157} INFO - Dependencies all met for dep_context=requeueable deps ti=<TaskInstance: taxi_pipeline.s3_to_kafka manual__2025-11-27T06:30:06.128397+00:00 [queued]>
[2025-11-27T06:30:09.955+0000] {taskinstance.py:1359} INFO - Starting attempt 1 of 2
[2025-11-27T06:30:09.965+0000] {taskinstance.py:1380} INFO - Executing <Task(BashOperator): s3_to_kafka> on 2025-11-27 06:30:06.128397+00:00
[2025-11-27T06:30:09.968+0000] {standard_task_runner.py:57} INFO - Started process 47 to run task
[2025-11-27T06:30:09.971+0000] {standard_task_runner.py:84} INFO - Running: ['airflow', 'tasks', 'run', 'taxi_pipeline', 's3_to_kafka', 'manual__2025-11-27T06:30:06.128397+00:00', '--job-id', '4', '--raw', '--subdir', 'DAGS_FOLDER/taxi_pipeline_dag.py', '--cfg-path', '/tmp/tmpcic362__']
[2025-11-27T06:30:09.972+0000] {standard_task_runner.py:85} INFO - Job 4: Subtask s3_to_kafka
[2025-11-27T06:30:10.024+0000] {task_command.py:415} INFO - Running <TaskInstance: taxi_pipeline.s3_to_kafka manual__2025-11-27T06:30:06.128397+00:00 [running]> on host d629b7fb5869
[2025-11-27T06:30:10.112+0000] {taskinstance.py:1660} INFO - Exporting env vars: AIRFLOW_CTX_DAG_OWNER='Menna' AIRFLOW_CTX_DAG_ID='taxi_pipeline' AIRFLOW_CTX_TASK_ID='s3_to_kafka' AIRFLOW_CTX_EXECUTION_DATE='2025-11-27T06:30:06.128397+00:00' AIRFLOW_CTX_TRY_NUMBER='1' AIRFLOW_CTX_DAG_RUN_ID='manual__2025-11-27T06:30:06.128397+00:00'
[2025-11-27T06:30:10.113+0000] {subprocess.py:63} INFO - Tmp dir root location: /tmp
[2025-11-27T06:30:10.114+0000] {subprocess.py:75} INFO - Running command: ['/bin/bash', '-c', 'python3 /opt/airflow/producer/s3_to_kafka.py']
[2025-11-27T06:30:10.120+0000] {subprocess.py:86} INFO - Output:
[2025-11-27T06:30:10.204+0000] {subprocess.py:93} INFO - python3: can't open file '/opt/airflow/producer/s3_to_kafka.py': [Errno 2] No such file or directory
[2025-11-27T06:30:10.207+0000] {subprocess.py:97} INFO - Command exited with return code 2
[2025-11-27T06:30:10.219+0000] {taskinstance.py:1935} ERROR - Task failed with exception
Traceback (most recent call last):
  File "/home/airflow/.local/lib/python3.8/site-packages/airflow/operators/bash.py", line 210, in execute
    raise AirflowException(
airflow.exceptions.AirflowException: Bash command failed. The command returned a non-zero exit code 2.
[2025-11-27T06:30:10.222+0000] {taskinstance.py:1398} INFO - Marking task as UP_FOR_RETRY. dag_id=taxi_pipeline, task_id=s3_to_kafka, execution_date=20251127T063006, start_date=20251127T063009, end_date=20251127T063010
[2025-11-27T06:30:10.233+0000] {standard_task_runner.py:104} ERROR - Failed to execute job 4 for task s3_to_kafka (Bash command failed. The command returned a non-zero exit code 2.; 47)
[2025-11-27T06:30:10.264+0000] {local_task_job_runner.py:228} INFO - Task exited with return code 1
[2025-11-27T06:30:10.286+0000] {taskinstance.py:2776} INFO - 0 downstream tasks scheduled from follow-on schedule check
