[2025-11-27T09:18:47.308+0000] {taskinstance.py:1157} INFO - Dependencies all met for dep_context=non-requeueable deps ti=<TaskInstance: taxi_streaming_pipeline.start_kafka_producer manual__2025-11-27T09:18:37.391848+00:00 [queued]>
[2025-11-27T09:18:47.315+0000] {taskinstance.py:1157} INFO - Dependencies all met for dep_context=requeueable deps ti=<TaskInstance: taxi_streaming_pipeline.start_kafka_producer manual__2025-11-27T09:18:37.391848+00:00 [queued]>
[2025-11-27T09:18:47.315+0000] {taskinstance.py:1359} INFO - Starting attempt 1 of 2
[2025-11-27T09:18:47.329+0000] {taskinstance.py:1380} INFO - Executing <Task(BashOperator): start_kafka_producer> on 2025-11-27 09:18:37.391848+00:00
[2025-11-27T09:18:47.333+0000] {standard_task_runner.py:57} INFO - Started process 92 to run task
[2025-11-27T09:18:47.336+0000] {standard_task_runner.py:84} INFO - Running: ['airflow', 'tasks', 'run', 'taxi_streaming_pipeline', 'start_kafka_producer', 'manual__2025-11-27T09:18:37.391848+00:00', '--job-id', '105', '--raw', '--subdir', 'DAGS_FOLDER/taxi_pipeline_dag.py', '--cfg-path', '/tmp/tmpppa7a6l3']
[2025-11-27T09:18:47.338+0000] {standard_task_runner.py:85} INFO - Job 105: Subtask start_kafka_producer
[2025-11-27T09:18:47.396+0000] {task_command.py:415} INFO - Running <TaskInstance: taxi_streaming_pipeline.start_kafka_producer manual__2025-11-27T09:18:37.391848+00:00 [running]> on host 485e0d4eae03
[2025-11-27T09:18:47.481+0000] {taskinstance.py:1660} INFO - Exporting env vars: AIRFLOW_CTX_DAG_OWNER='Menna' AIRFLOW_CTX_DAG_ID='taxi_streaming_pipeline' AIRFLOW_CTX_TASK_ID='start_kafka_producer' AIRFLOW_CTX_EXECUTION_DATE='2025-11-27T09:18:37.391848+00:00' AIRFLOW_CTX_TRY_NUMBER='1' AIRFLOW_CTX_DAG_RUN_ID='manual__2025-11-27T09:18:37.391848+00:00'
[2025-11-27T09:18:47.482+0000] {subprocess.py:63} INFO - Tmp dir root location: /tmp
[2025-11-27T09:18:47.482+0000] {subprocess.py:75} INFO - Running command: ['/bin/bash', '-c', '\n        echo "Starting S3 to Kafka producer..."\n        docker ps --filter "name=s3-producer" | grep s3-producer >/dev/null 2>&1\n        if [ $? -eq 0 ]; then\n            echo "s3-producer already running, waiting..."\n            docker wait s3-producer\n        else\n            docker-compose up -d s3-producer\n            echo "Waiting for producer to finish..."\n            docker wait s3-producer\n        fi\n        echo "Producer finished"\n        ']
[2025-11-27T09:18:47.493+0000] {subprocess.py:86} INFO - Output:
[2025-11-27T09:18:47.496+0000] {subprocess.py:93} INFO - Starting S3 to Kafka producer...
[2025-11-27T09:18:47.534+0000] {subprocess.py:93} INFO - s3-producer already running, waiting...
[2025-11-27T09:33:58.135+0000] {local_task_job_runner.py:115} ERROR - Received SIGTERM. Terminating subprocesses
[2025-11-27T09:33:58.137+0000] {process_utils.py:131} INFO - Sending 15 to group 92. PIDs of all processes in the group: [93, 107, 92]
[2025-11-27T09:33:58.137+0000] {process_utils.py:86} INFO - Sending the signal 15 to group 92
[2025-11-27T09:33:58.138+0000] {taskinstance.py:1630} ERROR - Received SIGTERM. Terminating subprocesses.
[2025-11-27T09:33:58.139+0000] {subprocess.py:104} INFO - Sending SIGTERM signal to process group
[2025-11-27T09:33:58.164+0000] {taskinstance.py:1935} ERROR - Task failed with exception
Traceback (most recent call last):
  File "/home/airflow/.local/lib/python3.8/site-packages/airflow/operators/bash.py", line 201, in execute
    result = self.subprocess_hook.run_command(
  File "/home/airflow/.local/lib/python3.8/site-packages/airflow/hooks/subprocess.py", line 91, in run_command
    for raw_line in iter(self.sub_process.stdout.readline, b""):
  File "/home/airflow/.local/lib/python3.8/site-packages/airflow/models/taskinstance.py", line 1632, in signal_handler
    raise AirflowException("Task received SIGTERM signal")
airflow.exceptions.AirflowException: Task received SIGTERM signal
[2025-11-27T09:33:58.173+0000] {taskinstance.py:1398} INFO - Marking task as UP_FOR_RETRY. dag_id=taxi_streaming_pipeline, task_id=start_kafka_producer, execution_date=20251127T091837, start_date=20251127T091847, end_date=20251127T093358
[2025-11-27T09:33:58.193+0000] {standard_task_runner.py:104} ERROR - Failed to execute job 105 for task start_kafka_producer (Task received SIGTERM signal; 92)
[2025-11-27T09:33:58.232+0000] {process_utils.py:79} INFO - Process psutil.Process(pid=92, status='terminated', exitcode=1, started='09:18:46') (92) terminated with exit code 1
[2025-11-27T09:33:58.232+0000] {process_utils.py:79} INFO - Process psutil.Process(pid=93, status='terminated', started='09:18:46') (93) terminated with exit code None
[2025-11-27T09:33:58.233+0000] {process_utils.py:79} INFO - Process psutil.Process(pid=107, status='terminated', started='09:18:46') (107) terminated with exit code None
[2025-11-27T09:33:58.233+0000] {local_task_job_runner.py:228} INFO - Task exited with return code 143
[2025-11-27T09:33:58.269+0000] {taskinstance.py:2776} INFO - 0 downstream tasks scheduled from follow-on schedule check
